#
# There is insufficient memory for the Java Runtime Environment to continue.
# Native memory allocation (malloc) failed to allocate 44656 bytes for Chunk::new
# Possible reasons:
#   The system is out of physical RAM or swap space
#   In 32 bit mode, the process size limit was hit
# Possible solutions:
#   Reduce memory load on the system
#   Increase physical memory or swap space
#   Check if swap backing store is full
#   Use 64 bit Java on a 64 bit OS
#   Decrease Java heap size (-Xmx/-Xms)
#   Decrease number of Java threads
#   Decrease Java thread stack sizes (-Xss)
#   Set larger code cache with -XX:ReservedCodeCacheSize=
# This output file may be truncated or incomplete.
#
#  Out of Memory Error (allocation.cpp:390), pid=275100, tid=275684
#
# JRE version: Java(TM) SE Runtime Environment (8.0_77-b03) (build 1.8.0_77-b03)
# Java VM: Java HotSpot(TM) 64-Bit Server VM (25.77-b03 mixed mode windows-amd64 compressed oops)
# Failed to write core dump. Minidumps are not enabled by default on client versions of Windows
#

---------------  T H R E A D  ---------------

Current thread (0x0000000019c5e800):  JavaThread "C2 CompilerThread1" daemon [_thread_in_native, id=275684, stack(0x000000001b660000,0x000000001b760000)]

Stack: [0x000000001b660000,0x000000001b760000]
[error occurred during error reporting (printing stack bounds), id 0xc0000005]

Native frames: (J=compiled Java code, j=interpreted, Vv=VM code, C=native code)


Current CompileTask:
C2:   1765  419       4       java.lang.AbstractStringBuilder::append (50 bytes)


---------------  P R O C E S S  ---------------

Java Threads: ( => current thread )
  0x0000000019c4e000 JavaThread "Service Thread" daemon [_thread_blocked, id=276248, stack(0x000000001bc60000,0x000000001bd60000)]
  0x0000000019c64000 JavaThread "C1 CompilerThread2" daemon [_thread_blocked, id=276464, stack(0x000000001b760000,0x000000001b860000)]
=>0x0000000019c5e800 JavaThread "C2 CompilerThread1" daemon [_thread_in_native, id=275684, stack(0x000000001b660000,0x000000001b760000)]
  0x0000000019c58000 JavaThread "C2 CompilerThread0" daemon [_thread_blocked, id=275648, stack(0x000000001b560000,0x000000001b660000)]
  0x0000000019c43800 JavaThread "JDWP Command Reader" daemon [_thread_in_native, id=272844, stack(0x000000001b460000,0x000000001b560000)]
  0x0000000019c3f000 JavaThread "JDWP Event Helper Thread" daemon [_thread_blocked, id=257520, stack(0x000000001b360000,0x000000001b460000)]
  0x0000000019c30800 JavaThread "JDWP Transport Listener: dt_socket" daemon [_thread_blocked, id=274812, stack(0x000000001b260000,0x000000001b360000)]
  0x0000000019c26800 JavaThread "Attach Listener" daemon [_thread_blocked, id=275584, stack(0x000000001b160000,0x000000001b260000)]
  0x0000000019c25800 JavaThread "Signal Dispatcher" daemon [_thread_blocked, id=269632, stack(0x000000001b060000,0x000000001b160000)]
  0x0000000019c10000 JavaThread "Finalizer" daemon [_thread_blocked, id=272948, stack(0x000000001ae80000,0x000000001af80000)]
  0x0000000002aa7800 JavaThread "Reference Handler" daemon [_thread_blocked, id=275492, stack(0x000000001ad80000,0x000000001ae80000)]
  0x00000000029b8000 JavaThread "main" [_thread_in_native, id=267736, stack(0x00000000028b0000,0x00000000029b0000)]

Other Threads:
  0x0000000019be8000 VMThread [stack: 0x000000001ac80000,0x000000001ad80000] [id=270120]
  0x000000001b8b2800 WatcherThread [stack: 0x000000001bd60000,0x000000001be60000] [id=275896]

VM state:not at safepoint (normal execution)

VM Mutex/Monitor currently owned by a thread: None

Heap:
 PSYoungGen      total 57344K, used 8855K [0x0000000780000000, 0x0000000784000000, 0x00000007c0000000)
  eden space 49152K, 18% used [0x0000000780000000,0x00000007808a5df8,0x0000000783000000)
  from space 8192K, 0% used [0x0000000783800000,0x0000000783800000,0x0000000784000000)
  to   space 8192K, 0% used [0x0000000783000000,0x0000000783000000,0x0000000783800000)
 ParOldGen       total 131072K, used 0K [0x0000000700000000, 0x0000000708000000, 0x0000000780000000)
  object space 131072K, 0% used [0x0000000700000000,0x0000000700000000,0x0000000708000000)
 Metaspace       used 5319K, capacity 5444K, committed 5760K, reserved 1058816K
  class space    used 580K, capacity 625K, committed 640K, reserved 1048576K

Card table byte_map: [0x0000000011e70000,0x0000000012480000] byte_map_base: 0x000000000e670000

Marking Bits: (ParMarkBitMap*) 0x0000000054d40600
 Begin Bits: [0x0000000012c80000, 0x0000000015c80000)
 End Bits:   [0x0000000015c80000, 0x0000000018c80000)

Polling page: 0x0000000002400000

CodeCache: size=245760Kb used=2090Kb max_used=2090Kb free=243669Kb
 bounds [0x0000000002ab0000, 0x0000000002d20000, 0x0000000011ab0000]
 total_blobs=693 nmethods=419 adapters=195
 compilation: enabled

Compilation events (10 events):
Event: 1.758 Thread 0x0000000019c64000 nmethod 414 0x0000000002cb8bd0 code [0x0000000002cb8d20, 0x0000000002cb8e30]
Event: 1.759 Thread 0x0000000019c64000  415       3       java.nio.DirectLongBufferU::get (16 bytes)
Event: 1.759 Thread 0x0000000019c64000 nmethod 415 0x0000000002cb9210 code [0x0000000002cb9380, 0x0000000002cb95f0]
Event: 1.759 Thread 0x0000000019c64000  417       3       java.nio.DirectLongBufferU::put (18 bytes)
Event: 1.759 Thread 0x0000000019c64000 nmethod 417 0x0000000002cb9750 code [0x0000000002cb98c0, 0x0000000002cb9b30]
Event: 1.759 Thread 0x0000000019c64000  418       3       java.lang.StringBuffer::<init> (6 bytes)
Event: 1.760 Thread 0x0000000019c64000 nmethod 418 0x0000000002cb9c90 code [0x0000000002cb9e00, 0x0000000002cba0b0]
Event: 1.760 Thread 0x0000000019c5e800  419       4       java.lang.AbstractStringBuilder::append (50 bytes)
Event: 1.761 Thread 0x0000000019c64000  420       3       java.util.concurrent.ConcurrentHashMap::addCount (292 bytes)
Event: 1.762 Thread 0x0000000019c64000 nmethod 420 0x0000000002cba1d0 code [0x0000000002cba3e0, 0x0000000002cbafc8]

GC Heap History (0 events):
No events

Deoptimization events (1 events):
Event: 1.384 Thread 0x00000000029b8000 Uncommon trap: reason=unstable_if action=reinterpret pc=0x0000000002bb1ae0 method=java.lang.String.hashCode()I @ 14

Internal exceptions (10 events):
Event: 1.363 Thread 0x00000000029b8000 Exception <a 'java/security/PrivilegedActionException'> (0x00000007804c7a40) thrown at [D:\re\workspace\8-2-build-windows-amd64-cygwin\jdk8u77\6540\hotspot\src\share\vm\prims\jvm.cpp, line 1386]
Event: 1.363 Thread 0x00000000029b8000 Exception <a 'java/security/PrivilegedActionException'> (0x00000007804c8ac8) thrown at [D:\re\workspace\8-2-build-windows-amd64-cygwin\jdk8u77\6540\hotspot\src\share\vm\prims\jvm.cpp, line 1386]
Event: 1.363 Thread 0x00000000029b8000 Exception <a 'java/security/PrivilegedActionException'> (0x00000007804c8cd8) thrown at [D:\re\workspace\8-2-build-windows-amd64-cygwin\jdk8u77\6540\hotspot\src\share\vm\prims\jvm.cpp, line 1386]
Event: 1.462 Thread 0x00000000029b8000 Exception <a 'java/security/PrivilegedActionException'> (0x0000000780629c28) thrown at [D:\re\workspace\8-2-build-windows-amd64-cygwin\jdk8u77\6540\hotspot\src\share\vm\prims\jvm.cpp, line 1386]
Event: 1.462 Thread 0x00000000029b8000 Exception <a 'java/security/PrivilegedActionException'> (0x0000000780629e38) thrown at [D:\re\workspace\8-2-build-windows-amd64-cygwin\jdk8u77\6540\hotspot\src\share\vm\prims\jvm.cpp, line 1386]
Event: 1.463 Thread 0x00000000029b8000 Exception <a 'java/security/PrivilegedActionException'> (0x000000078062d640) thrown at [D:\re\workspace\8-2-build-windows-amd64-cygwin\jdk8u77\6540\hotspot\src\share\vm\prims\jvm.cpp, line 1386]
Event: 1.463 Thread 0x00000000029b8000 Exception <a 'java/security/PrivilegedActionException'> (0x000000078062d850) thrown at [D:\re\workspace\8-2-build-windows-amd64-cygwin\jdk8u77\6540\hotspot\src\share\vm\prims\jvm.cpp, line 1386]
Event: 1.626 Thread 0x00000000029b8000 Exception <a 'java/io/FileNotFoundException'> (0x000000078062fd10) thrown at [D:\re\workspace\8-2-build-windows-amd64-cygwin\jdk8u77\6540\hotspot\src\share\vm\prims\jni.cpp, line 709]
Event: 1.708 Thread 0x00000000029b8000 Exception <a 'java/lang/NoSuchFieldError': method resolution failed> (0x00000007806fd4b8) thrown at [D:\re\workspace\8-2-build-windows-amd64-cygwin\jdk8u77\6540\hotspot\src\share\vm\prims\methodHandles.cpp, line 1146]
Event: 1.712 Thread 0x00000000029b8000 Exception <a 'java/lang/NoSuchFieldError': method resolution failed> (0x000000078070a888) thrown at [D:\re\workspace\8-2-build-windows-amd64-cygwin\jdk8u77\6540\hotspot\src\share\vm\prims\methodHandles.cpp, line 1146]

Events (10 events):
Event: 1.762 Thread 0x00000000029b8000 DEOPT PACKING pc=0x0000000002caa484 sp=0x00000000029a7e50
Event: 1.762 Thread 0x00000000029b8000 DEOPT UNPACKING pc=0x0000000002af787f sp=0x00000000029a7c70 mode 1
Event: 1.762 Thread 0x00000000029b8000 DEOPT PACKING pc=0x0000000002caa21c sp=0x00000000029a7fe0
Event: 1.762 Thread 0x00000000029b8000 DEOPT UNPACKING pc=0x0000000002af787f sp=0x00000000029a7e18 mode 1
Event: 1.762 loading class oracle/jbo/RowSetManagementListener
Event: 1.762 loading class oracle/jbo/RowSetManagementListener done
Event: 1.762 Thread 0x00000000029b8000 DEOPT PACKING pc=0x0000000002caa484 sp=0x00000000029aa3c0
Event: 1.762 Thread 0x00000000029b8000 DEOPT UNPACKING pc=0x0000000002af787f sp=0x00000000029aa1e0 mode 1
Event: 1.762 Thread 0x00000000029b8000 DEOPT PACKING pc=0x0000000002caa21c sp=0x00000000029aa550
Event: 1.762 Thread 0x00000000029b8000 DEOPT UNPACKING pc=0x0000000002af787f sp=0x00000000029aa388 mode 1


Dynamic libraries:
0x00007ff601d80000 - 0x00007ff601db7000 	C:\Oracle\Middleware12211\JDeveloper\oracle_common\jdk\bin\javaw.exe
0x00007fff9b540000 - 0x00007fff9b701000 	C:\windows\SYSTEM32\ntdll.dll
0x00007fff9a570000 - 0x00007fff9a61d000 	C:\windows\system32\KERNEL32.DLL
0x00007fff97ee0000 - 0x00007fff980c8000 	C:\windows\system32\KERNELBASE.dll
0x00007fff9a100000 - 0x00007fff9a1a7000 	C:\windows\system32\ADVAPI32.dll
0x00007fff9a1b0000 - 0x00007fff9a24d000 	C:\windows\system32\msvcrt.dll
0x00007fff9a250000 - 0x00007fff9a2ab000 	C:\windows\system32\sechost.dll
0x00007fff9a780000 - 0x00007fff9a89c000 	C:\windows\system32\RPCRT4.dll
0x00007fff9b150000 - 0x00007fff9b2a6000 	C:\windows\system32\USER32.dll
0x00007fff99f70000 - 0x00007fff9a0f6000 	C:\windows\system32\GDI32.dll
0x00007fff8f790000 - 0x00007fff8fa04000 	C:\windows\WinSxS\amd64_microsoft.windows.common-controls_6595b64144ccf1df_6.0.10586.494_none_a2d8b04ea53e3145\COMCTL32.dll
0x00007fff9a2d0000 - 0x00007fff9a54d000 	C:\windows\system32\combase.dll
0x00007fff97bf0000 - 0x00007fff97c5a000 	C:\windows\system32\bcryptPrimitives.dll
0x00007fff9acd0000 - 0x00007fff9ad0b000 	C:\windows\system32\IMM32.DLL
0x00007fff97a60000 - 0x00007fff97a85000 	C:\windows\system32\vmwsci.dll
0x00007fff9a2c0000 - 0x00007fff9a2c8000 	C:\windows\system32\PSAPI.DLL
0x0000000050ab0000 - 0x0000000050b82000 	C:\Oracle\Middleware12211\JDeveloper\oracle_common\jdk\jre\bin\msvcr100.dll
0x0000000054530000 - 0x0000000054dc0000 	C:\Oracle\Middleware12211\JDeveloper\oracle_common\jdk\jre\bin\server\jvm.dll
0x00007fff96030000 - 0x00007fff96053000 	C:\windows\SYSTEM32\WINMM.dll
0x00007fff8cb00000 - 0x00007fff8cb09000 	C:\windows\SYSTEM32\WSOCK32.dll
0x00007fff96ec0000 - 0x00007fff96eca000 	C:\windows\SYSTEM32\VERSION.dll
0x00007fff98940000 - 0x00007fff989ab000 	C:\windows\system32\WS2_32.dll
0x0000000002470000 - 0x000000000249c000 	C:\windows\SYSTEM32\WINMMBASE.dll
0x00007fff982a0000 - 0x00007fff982e3000 	C:\windows\system32\cfgmgr32.dll
0x0000000055e40000 - 0x0000000055e4f000 	C:\Oracle\Middleware12211\JDeveloper\oracle_common\jdk\jre\bin\verify.dll
0x0000000054500000 - 0x0000000054529000 	C:\Oracle\Middleware12211\JDeveloper\oracle_common\jdk\jre\bin\java.dll
0x0000000050a70000 - 0x0000000050aa5000 	C:\Oracle\Middleware12211\JDeveloper\oracle_common\jdk\jre\bin\jdwp.dll
0x0000000051be0000 - 0x0000000051be8000 	C:\Oracle\Middleware12211\JDeveloper\oracle_common\jdk\jre\bin\npt.dll
0x00000000554a0000 - 0x00000000554b6000 	C:\Oracle\Middleware12211\JDeveloper\oracle_common\jdk\jre\bin\zip.dll
0x00007fff989b0000 - 0x00007fff99f0c000 	C:\windows\system32\SHELL32.dll
0x00007fff982f0000 - 0x00007fff98935000 	C:\windows\system32\windows.storage.dll
0x00007fff9af70000 - 0x00007fff9afc2000 	C:\windows\system32\shlwapi.dll
0x00007fff97be0000 - 0x00007fff97bef000 	C:\windows\system32\kernel.appcore.dll
0x00007fff97c80000 - 0x00007fff97d35000 	C:\windows\system32\shcore.dll
0x00007fff97b80000 - 0x00007fff97bcb000 	C:\windows\system32\powrprof.dll
0x00007fff97b60000 - 0x00007fff97b74000 	C:\windows\system32\profapi.dll
0x0000000051ba0000 - 0x0000000051ba9000 	C:\Oracle\Middleware12211\JDeveloper\oracle_common\jdk\jre\bin\dt_socket.dll
0x00007fff97400000 - 0x00007fff9745c000 	C:\windows\system32\mswsock.dll
0x0000000054320000 - 0x00000000544b8000 	C:\Oracle\Middleware12211\JDeveloper\oracle_common\jdk\jre\bin\awt.dll
0x00007fff9b080000 - 0x00007fff9b141000 	C:\windows\system32\OLEAUT32.dll
0x00007fff95730000 - 0x00007fff957a9000 	C:\windows\system32\apphelp.dll

VM Arguments:
jvm_args: -agentlib:jdwp=transport=dt_socket,server=y,address=54446 -Dcom.sun.xml.bind.v2.bytecode.ClassTailor.noOptimize=true -Djavax.net.ssl.trustStore=D:\Users\RameshChinta\AppData\Local\Temp\trustStore6102141331430083553.jks -XX:MaxPermSize=128M -Duser.language=en -Duser.country=US -Duser.variant= -Dbc4j.tester.adflib.jars.list=D:\JDeveloper\Infosys\XTS\adflibs\plSqlValidator.jar;D:\JDeveloper\Infosys\XTS\adflibs\plSqlValidator.jar;D:\JDeveloper\Infosys\XTS\adflibs\plSqlValidator.jar -Doracle.security.jps.config=/D:/JDeveloper/Infosys/XTSXnsupr - working/src/META-INF/jps-config.xml -Dbc4jtester_port=23322 -Djdev.range=100 -Dmodel_project_file_path=/D:/JDeveloper/Infosys/XTSXnsupr - working/xnsuprModel/xnsuprModel.jpr -Doracle.mds.cache=simple 
java_command: oracle.jbo.jbotester.MainFrame -X 15C5DC5AD9F
java_class_path (initial): C:\Oracle\Middleware12211\JDeveloper\oracle_common\jdk\jre\lib\resources.jar;C:\Oracle\Middleware12211\JDeveloper\oracle_common\jdk\jre\lib\rt.jar;C:\Oracle\Middleware12211\JDeveloper\oracle_common\jdk\jre\lib\sunrsasign.jar;C:\Oracle\Middleware12211\JDeveloper\oracle_common\jdk\jre\lib\jsse.jar;C:\Oracle\Middleware12211\JDeveloper\oracle_common\jdk\jre\lib\jce.jar;C:\Oracle\Middleware12211\JDeveloper\oracle_common\jdk\jre\lib\charsets.jar;C:\Oracle\Middleware12211\JDeveloper\oracle_common\jdk\jre\lib\jfr.jar;C:\Oracle\Middleware12211\JDeveloper\oracle_common\jdk\jre\classes;D:\JDeveloper\Infosys\XTSXnsupr - working\.adf;D:\JDeveloper\Infosys\XTSXnsupr - working\xnsuprModel\classes;C:\Oracle\Middleware12211\JDeveloper\oracle_common\modules\oracle.adf.share\adf-share-support.jar;C:\Oracle\Middleware12211\JDeveloper\oracle_common\modules\oracle.adf.share.ca\adf-share-ca.jar;C:\Oracle\Middleware12211\JDeveloper\oracle_common\modules\oracle.adf.share.ca\adf-share-base.jar;C:\Oracle\Middleware12211\JDeveloper\oracle_common\modules\oracle.adf.share\adflogginghandler.jar;C:\Oracle\Middleware12211\JDeveloper\oracle_common\modules\oracle.adf.share\adfsharembean.jar;C:\Oracle\Middleware12211\JDeveloper\oracle_common\modules\oracle.jmx\jmxframework.jar;C:\Oracle\Middleware12211\JDeveloper\oracle_common\modules\oracle.jmx\jmxspi.jar;C:\Oracle\Middleware12211\JDeveloper\oracle_common\modules\oracle.idm\identitystore.jar;C:\Oracle\Middleware12211\JDeveloper\oracle_common\modules\oracle.adf.model\adfm.jar;C:\Oracle\Middleware12211\JDeveloper\oracle_common\modules\oracle.adf.model\bc4j-mbeans.jar;C:\Oracle\Middleware12211\JDeveloper\oracle_common\modules\groovy-all-2.4.6.jar;C:\Oracle\Middleware12211\JDeveloper\oracle_common\modules\oracle.xdk\xmlparserv2.jar;C:\Oracle\Middleware12211\JDeveloper\oracle_common\modules\oracle.adf.model\db-ca.jar;C:\Oracle\Middleware12211\JDeveloper\oracle_common\modules\oracle.adf.model\jdev-cm.jar;C:\Oracle\Middleware122
Launcher Type: SUN_STANDARD

Environment Variables:
PATH=C:\ProgramData\Oracle\Java\javapath;C:\Oracle\Middleware64\as_64\bin;C:\windows\system32;C:\windows;C:\windows\System32\Wbem;C:\windows\System32\WindowsPowerShell\v1.0\;C:\Program Files\Common Files\ThinPrint\;C:\Oracle\Middleware64\as_64\opmn\bin;C:\Oracle\Middleware64\as_64\opmn\lib;C:\Oracle\Middleware64\as_64\perl\bin;C:\Program Files\TortoiseSVN\bin;C:\Program Files\IDM Computer Solutions\UltraEdit;C:\oracle\Middleware64\as_64\forms;C:\oracle\Middleware64\asinst_64\FormsComponent\forms;C:\oracle\Middleware64\as_64\forms\webutil;H:\XTS3_DEV\FORMS11g;D:\xts5\forms11g
USERNAME=RameshChinta
LD_LIBRARY_PATH=C:\Oracle\Middleware64\as_64\lib
OS=Windows_NT
PROCESSOR_IDENTIFIER=Intel64 Family 6 Model 62 Stepping 4, GenuineIntel



---------------  S Y S T E M  ---------------

OS: Windows 10.0 , 64 bit Build 10586 (10.0.10586.0)

CPU:total 4 (2 cores per cpu, 1 threads per core) family 6 model 62 stepping 4, cmov, cx8, fxsr, mmx, sse, sse2, sse3, ssse3, sse4.1, sse4.2, popcnt, avx, aes, clmul, erms, tsc, tscinvbit

Memory: 4k page, physical 12582452k(4568952k free), swap 13106444k(4132k free)

vm_info: Java HotSpot(TM) 64-Bit Server VM (25.77-b03) for windows-amd64 JRE (1.8.0_77-b03), built on Mar 20 2016 22:01:33 by "java_re" with MS VC++ 10.0 (VS2010)

time: Wed May 31 14:40:57 2017
elapsed time: 1 seconds (0d 0h 0m 1s)

